Performing C SOURCE FILE Test CMAKE_HAVE_LIBC_PTHREAD failed with the following output:
Change Dir: /home/li/catkin_ws/src/tio_ftp/build/CMakeFiles/CMakeTmp

Run Build Command(s):/usr/bin/ninja cmTC_47cd3 && [1/2] Building C object CMakeFiles/cmTC_47cd3.dir/src.c.o
[2/2] Linking C executable cmTC_47cd3
FAILED: cmTC_47cd3 
: && /usr/bin/x86_64-linux-gnu-gcc-7  -rdynamic CMakeFiles/cmTC_47cd3.dir/src.c.o -o cmTC_47cd3   && :
CMakeFiles/cmTC_47cd3.dir/src.c.o: In function `main':
src.c:(.text+0x3e): undefined reference to `pthread_create'
src.c:(.text+0x4a): undefined reference to `pthread_detach'
src.c:(.text+0x56): undefined reference to `pthread_cancel'
src.c:(.text+0x67): undefined reference to `pthread_join'
collect2: error: ld returned 1 exit status
ninja: build stopped: subcommand failed.


Source file was:
#include <pthread.h>

static void* test_func(void* data)
{
  return data;
}

int main(void)
{
  pthread_t thread;
  pthread_create(&thread, NULL, test_func, NULL);
  pthread_detach(thread);
  pthread_cancel(thread);
  pthread_join(thread, NULL);
  pthread_atfork(NULL, NULL, NULL);
  pthread_exit(NULL);

  return 0;
}

Determining if the function pthread_create exists in the pthreads failed with the following output:
Change Dir: /home/li/catkin_ws/src/tio_ftp/build/CMakeFiles/CMakeTmp

Run Build Command(s):/usr/bin/ninja cmTC_f3c13 && [1/2] Building C object CMakeFiles/cmTC_f3c13.dir/CheckFunctionExists.c.o
[2/2] Linking C executable cmTC_f3c13
FAILED: cmTC_f3c13 
: && /usr/bin/x86_64-linux-gnu-gcc-7 -DCHECK_FUNCTION_EXISTS=pthread_create -rdynamic CMakeFiles/cmTC_f3c13.dir/CheckFunctionExists.c.o -o cmTC_f3c13  -lpthreads && :
/usr/bin/ld: cannot find -lpthreads
collect2: error: ld returned 1 exit status
ninja: build stopped: subcommand failed.



