Determining if the pthread_create exist failed with the following output:
Change Dir: /home/li/catkin_ws/src/camera/fixed_msg/obj-x86_64-linux-gnu/CMakeFiles/CMakeTmp

Run Build Command:"/usr/bin/make" "cmTC_faa5b/fast"
make[2]: Entering directory '/home/li/catkin_ws/src/camera/fixed_msg/obj-x86_64-linux-gnu/CMakeFiles/CMakeTmp'
/usr/bin/make -f CMakeFiles/cmTC_faa5b.dir/build.make CMakeFiles/cmTC_faa5b.dir/build
make[3]: Entering directory '/home/li/catkin_ws/src/camera/fixed_msg/obj-x86_64-linux-gnu/CMakeFiles/CMakeTmp'
Building C object CMakeFiles/cmTC_faa5b.dir/CheckSymbolExists.c.o
/usr/lib/ccache/cc   -g -O2 -fdebug-prefix-map=/home/li/catkin_ws/src/camera/fixed_msg=. -fstack-protector-strong -Wformat -Werror=format-security -Wdate-time -D_FORTIFY_SOURCE=2    -o CMakeFiles/cmTC_faa5b.dir/CheckSymbolExists.c.o   -c /home/li/catkin_ws/src/camera/fixed_msg/obj-x86_64-linux-gnu/CMakeFiles/CMakeTmp/CheckSymbolExists.c
Linking C executable cmTC_faa5b
/usr/bin/cmake -E cmake_link_script CMakeFiles/cmTC_faa5b.dir/link.txt --verbose=1
/usr/lib/ccache/cc -g -O2 -fdebug-prefix-map=/home/li/catkin_ws/src/camera/fixed_msg=. -fstack-protector-strong -Wformat -Werror=format-security -Wdate-time -D_FORTIFY_SOURCE=2     -rdynamic CMakeFiles/cmTC_faa5b.dir/CheckSymbolExists.c.o  -o cmTC_faa5b 
CMakeFiles/cmTC_faa5b.dir/CheckSymbolExists.c.o: In function `main':
./obj-x86_64-linux-gnu/CMakeFiles/CMakeTmp/./obj-x86_64-linux-gnu/CMakeFiles/CMakeTmp/CheckSymbolExists.c:8: undefined reference to `pthread_create'
collect2: error: ld returned 1 exit status
CMakeFiles/cmTC_faa5b.dir/build.make:97: recipe for target 'cmTC_faa5b' failed
make[3]: *** [cmTC_faa5b] Error 1
make[3]: Leaving directory '/home/li/catkin_ws/src/camera/fixed_msg/obj-x86_64-linux-gnu/CMakeFiles/CMakeTmp'
Makefile:126: recipe for target 'cmTC_faa5b/fast' failed
make[2]: *** [cmTC_faa5b/fast] Error 2
make[2]: Leaving directory '/home/li/catkin_ws/src/camera/fixed_msg/obj-x86_64-linux-gnu/CMakeFiles/CMakeTmp'

File /home/li/catkin_ws/src/camera/fixed_msg/obj-x86_64-linux-gnu/CMakeFiles/CMakeTmp/CheckSymbolExists.c:
/* */
#include <pthread.h>

int main(int argc, char** argv)
{
  (void)argv;
#ifndef pthread_create
  return ((int*)(&pthread_create))[argc];
#else
  (void)argc;
  return 0;
#endif
}

Determining if the function pthread_create exists in the pthreads failed with the following output:
Change Dir: /home/li/catkin_ws/src/camera/fixed_msg/obj-x86_64-linux-gnu/CMakeFiles/CMakeTmp

Run Build Command:"/usr/bin/make" "cmTC_184fc/fast"
make[2]: Entering directory '/home/li/catkin_ws/src/camera/fixed_msg/obj-x86_64-linux-gnu/CMakeFiles/CMakeTmp'
/usr/bin/make -f CMakeFiles/cmTC_184fc.dir/build.make CMakeFiles/cmTC_184fc.dir/build
make[3]: Entering directory '/home/li/catkin_ws/src/camera/fixed_msg/obj-x86_64-linux-gnu/CMakeFiles/CMakeTmp'
Building C object CMakeFiles/cmTC_184fc.dir/CheckFunctionExists.c.o
/usr/lib/ccache/cc   -g -O2 -fdebug-prefix-map=/home/li/catkin_ws/src/camera/fixed_msg=. -fstack-protector-strong -Wformat -Werror=format-security -Wdate-time -D_FORTIFY_SOURCE=2 -DCHECK_FUNCTION_EXISTS=pthread_create   -o CMakeFiles/cmTC_184fc.dir/CheckFunctionExists.c.o   -c /usr/share/cmake-3.10/Modules/CheckFunctionExists.c
Linking C executable cmTC_184fc
/usr/bin/cmake -E cmake_link_script CMakeFiles/cmTC_184fc.dir/link.txt --verbose=1
/usr/lib/ccache/cc -g -O2 -fdebug-prefix-map=/home/li/catkin_ws/src/camera/fixed_msg=. -fstack-protector-strong -Wformat -Werror=format-security -Wdate-time -D_FORTIFY_SOURCE=2 -DCHECK_FUNCTION_EXISTS=pthread_create    -rdynamic CMakeFiles/cmTC_184fc.dir/CheckFunctionExists.c.o  -o cmTC_184fc -lpthreads 
/usr/bin/ld: cannot find -lpthreads
collect2: error: ld returned 1 exit status
CMakeFiles/cmTC_184fc.dir/build.make:97: recipe for target 'cmTC_184fc' failed
make[3]: *** [cmTC_184fc] Error 1
make[3]: Leaving directory '/home/li/catkin_ws/src/camera/fixed_msg/obj-x86_64-linux-gnu/CMakeFiles/CMakeTmp'
Makefile:126: recipe for target 'cmTC_184fc/fast' failed
make[2]: *** [cmTC_184fc/fast] Error 2
make[2]: Leaving directory '/home/li/catkin_ws/src/camera/fixed_msg/obj-x86_64-linux-gnu/CMakeFiles/CMakeTmp'


